  NetDataGetDlg.cpp
C:\Users\曾志韬\Desktop\NetDataGet\NetDataGet\NetDataGetDlg.cpp(152): error C2039: “SetWindowTextW”: 不是“CEdit”的成员
  C:\Program Files (x86)\Microsoft Visual Studio\2019\Enterprise\VC\Tools\MSVC\14.20.27508\atlmfc\include\afxwin.h(3821): note: 参见“CEdit”的声明
C:\Users\曾志韬\Desktop\NetDataGet\NetDataGet\NetDataGetDlg.cpp(164): error C2039: “SetWindowTextW”: 不是“CEdit”的成员
  C:\Program Files (x86)\Microsoft Visual Studio\2019\Enterprise\VC\Tools\MSVC\14.20.27508\atlmfc\include\afxwin.h(3821): note: 参见“CEdit”的声明
C:\Users\曾志韬\Desktop\NetDataGet\NetDataGet\NetDataGetDlg.cpp(230): error C2440: “=”: 无法从“CString”转换为“LPCWSTR”
  C:\Users\曾志韬\Desktop\NetDataGet\NetDataGet\NetDataGetDlg.cpp(230): note: 没有可用于执行该转换的用户定义的转换运算符，或者无法调用该运算符
C:\Users\曾志韬\Desktop\NetDataGet\NetDataGet\NetDataGetDlg.cpp(242): error C2039: “SetWindowTextW”: 不是“CEdit”的成员
  C:\Program Files (x86)\Microsoft Visual Studio\2019\Enterprise\VC\Tools\MSVC\14.20.27508\atlmfc\include\afxwin.h(3821): note: 参见“CEdit”的声明
C:\Users\曾志韬\Desktop\NetDataGet\NetDataGet\NetDataGetDlg.cpp(245): error C2039: “SetWindowTextW”: 不是“CEdit”的成员
  C:\Program Files (x86)\Microsoft Visual Studio\2019\Enterprise\VC\Tools\MSVC\14.20.27508\atlmfc\include\afxwin.h(3821): note: 参见“CEdit”的声明
C:\Users\曾志韬\Desktop\NetDataGet\NetDataGet\NetDataGetDlg.cpp(266): error C2039: “GetWindowTextW”: 不是“CEdit”的成员
  C:\Program Files (x86)\Microsoft Visual Studio\2019\Enterprise\VC\Tools\MSVC\14.20.27508\atlmfc\include\afxwin.h(3821): note: 参见“CEdit”的声明
C:\Users\曾志韬\Desktop\NetDataGet\NetDataGet\NetDataGetDlg.cpp(267): error C2039: “SetWindowTextW”: 不是“CEdit”的成员
  C:\Program Files (x86)\Microsoft Visual Studio\2019\Enterprise\VC\Tools\MSVC\14.20.27508\atlmfc\include\afxwin.h(3821): note: 参见“CEdit”的声明
C:\Users\曾志韬\Desktop\NetDataGet\NetDataGet\NetDataGetDlg.cpp(311): error C2664: “void ATL::CStringT<char,StrTraitMFC<char,ATL::ChTraitsCRT<_CharType>>>::Format(UINT,...)”: 无法将参数 1 从“const wchar_t [40]”转换为“const char *”
          with
          [
              _CharType=char
          ]
  C:\Users\曾志韬\Desktop\NetDataGet\NetDataGet\NetDataGetDlg.cpp(311): note: 与指向的类型无关；强制转换要求 reinterpret_cast、C 样式强制转换或函数样式强制转换
C:\Users\曾志韬\Desktop\NetDataGet\NetDataGet\NetDataGetDlg.cpp(313): error C2039: “PostMessageW”: 不是“CWnd”的成员
  C:\Program Files (x86)\Microsoft Visual Studio\2019\Enterprise\VC\Tools\MSVC\14.20.27508\atlmfc\include\afxwin.h(2181): note: 参见“CWnd”的声明
C:\Users\曾志韬\Desktop\NetDataGet\NetDataGet\NetDataGetDlg.cpp(318): error C2664: “void ATL::CStringT<char,StrTraitMFC<char,ATL::ChTraitsCRT<_CharType>>>::Format(UINT,...)”: 无法将参数 1 从“const wchar_t [33]”转换为“const char *”
          with
          [
              _CharType=char
          ]
  C:\Users\曾志韬\Desktop\NetDataGet\NetDataGet\NetDataGetDlg.cpp(318): note: 与指向的类型无关；强制转换要求 reinterpret_cast、C 样式强制转换或函数样式强制转换
C:\Users\曾志韬\Desktop\NetDataGet\NetDataGet\NetDataGetDlg.cpp(320): error C2039: “PostMessageW”: 不是“CWnd”的成员
  C:\Program Files (x86)\Microsoft Visual Studio\2019\Enterprise\VC\Tools\MSVC\14.20.27508\atlmfc\include\afxwin.h(2181): note: 参见“CWnd”的声明
C:\Users\曾志韬\Desktop\NetDataGet\NetDataGet\NetDataGetDlg.cpp(293): error C4996: 'localtime': This function or variable may be unsafe. Consider using localtime_s instead. To disable deprecation, use _CRT_SECURE_NO_WARNINGS. See online help for details.
  C:\Program Files (x86)\Windows Kits\10\Include\10.0.17763.0\ucrt\time.h(506): note: 参见“localtime”的声明
C:\Users\曾志韬\Desktop\NetDataGet\NetDataGet\NetDataGetDlg.cpp(308): error C4996: '_itoa': This function or variable may be unsafe. Consider using _itoa_s instead. To disable deprecation, use _CRT_SECURE_NO_WARNINGS. See online help for details.
  C:\Program Files (x86)\Windows Kits\10\Include\10.0.17763.0\ucrt\stdlib.h(640): note: 参见“_itoa”的声明
C:\Users\曾志韬\Desktop\NetDataGet\NetDataGet\NetDataGetDlg.cpp(309): error C4996: '_itoa': This function or variable may be unsafe. Consider using _itoa_s instead. To disable deprecation, use _CRT_SECURE_NO_WARNINGS. See online help for details.
  C:\Program Files (x86)\Windows Kits\10\Include\10.0.17763.0\ucrt\stdlib.h(640): note: 参见“_itoa”的声明
